Type: NAME
Name: Focus Wagon ZTW
Price: 18445

Type: COLOR
Name: Fort Knox Gold Clearcoat Metallic
Price: 100
Name: Liquid Grey Clearcoat Metallic
Price: 0
Name: Infra-Red Clearcoat
Price: 0
Name: Grabber Green Clearcoat Metallic
Price: 0
Name: Sangria Red Clearcoat Metallic
Price: 0
Name: French Blue Clearcoat Metallic
Price: 0
Name: Twilight Blue Clearcoat Metallic
Price: 0
Name: CD Silver Clearcoat Metallic
Price: 0
Name: Pitch Black Clearcoat
Price: 0
Name: Cloud 9 White Clearcoat
Price: 0

Type: TRANSMISSION
Name: automatic
Price: 0
Name: manual
Price: -815

Type: BRAKES\TRACTION CONTROL
Name: Standard
Price: 0
Name: ABS
Price: 400
Name: ABS with Advance Trac
Price: 1625

Type: SIDE IMPACT AIR BAGS
Name: present
Price: 350
Name: not present
Price: 0

Type: POWER MOONROOF
Name: present
Price: 595
Name: not present
Price: 0

Type: OTHER

Type: OTHER2

